[uDD::Log][2022-07-04 13:27:14] Start
[uDD::Log][2022-07-04 13:27:14] OS Version    : 10.0
[uDD::Log][2022-07-04 13:27:14] Build Number  : 19044
[uDD::Log][2022-07-04 13:27:14] Service Pack  : 
[uDD::Log][2022-07-04 13:27:14] Graphics Card [0] : NVIDIA GeForce GTX 1070
[uDD::Log][2022-07-04 13:27:14]   > Monitor[0] : \\.\DISPLAY2
[uDD::Log][2022-07-04 13:27:14]   > Monitor[1] : \\.\DISPLAY1
[uDD::Log][2022-07-04 13:27:14] Graphics Card [1] : Microsoft Basic Render Driver
[uDD::Log][2022-07-04 13:27:14] Monitor::Initialized() =>
[uDD::Log][2022-07-04 13:27:14]     ID    : 0
[uDD::Log][2022-07-04 13:27:14]     Size  : (1920, 1080)
[uDD::Log][2022-07-04 13:27:14]     DPI   : (92, 92)
[uDD::Log][2022-07-04 13:27:14]     Rot   : Landscape
[uDD::Log][2022-07-04 13:27:14] Duplicator::Initialize() => OK.
[uDD::Log][2022-07-04 13:27:14] Monitor::Initialized() =>
[uDD::Log][2022-07-04 13:27:14]     ID    : 1
[uDD::Log][2022-07-04 13:27:14]     Size  : (1920, 1080)
[uDD::Log][2022-07-04 13:27:14]     DPI   : (102, 102)
[uDD::Log][2022-07-04 13:27:14]     Rot   : Landscape
[uDD::Log][2022-07-04 13:27:14] Duplicator::Initialize() => OK.
[uDD::Log][2022-07-04 13:27:47] Stop
